
> new_app@0.1.0 dev
> next dev

  ▲ Next.js 14.2.35
  - Local:        http://localhost:3000

 ✓ Starting...
Attention: Next.js now collects completely anonymous telemetry regarding usage.
This information is used to shape Next.js' roadmap and prioritize features.
You can learn more, including how to opt-out if you'd not like to participate in this anonymous program, by visiting the following URL:
https://nextjs.org/telemetry

 ✓ Ready in 1804ms
 ○ Compiling /src/middleware ...
 ✓ Compiled /src/middleware in 1093ms (122 modules)
 ○ Compiling /login ...
 ✓ Compiled /login in 8.2s (931 modules)
 GET /login 200 in 9198ms
 ✓ Compiled in 1033ms (451 modules)
 ○ Compiling /signup ...
<w> [webpack.cache.PackFileCacheStrategy] Serializing big strings (133kiB) impacts deserialization performance (consider using Buffer instead and decode when needed)
 ✓ Compiled /signup in 6.4s (906 modules)
 GET /signup 200 in 6707ms
