VERIFICATION SCRIPT OUTPUT:
===========================
Verifying scaffold...
✅ Directory src/app/ exists
✅ File tailwind.config.ts exists
✅ File package.json exists
✅ File ARCHITECTURE.md exists
✅ File docs/DOMAIN_MODEL.md exists
✅ File docs/UX_SPEC.md exists
✅ File .ai-status.md exists
Verification passed.

BUILD OUTPUT:
=============
> new_app@0.1.0 build
> next build

Attention: Next.js now collects completely anonymous telemetry regarding usage.
This information is used to shape Next.js' roadmap and prioritize features.
You can learn more, including how to opt-out if you'd not like to participate in this anonymous program, by visiting the following URL:
https://nextjs.org/telemetry

  ▲ Next.js 14.2.35

   Creating an optimized production build ...
 ✓ Compiled successfully
   Linting and checking validity of types ...
   Collecting page data ...
   Generating static pages (0/5) ...
   Generating static pages (1/5)
   Generating static pages (2/5)
   Generating static pages (3/5)
 ✓ Generating static pages (5/5)
   Finalizing page optimization ...
   Collecting build traces ...

Route (app)                              Size     First Load JS
┌ ○ /                                    5.34 kB        92.6 kB
└ ○ /_not-found                          873 B          88.1 kB
+ First Load JS shared by all            87.2 kB
  ├ chunks/117-e5476d4bdcce692a.js       31.7 kB
  ├ chunks/fd9d1056-749e5812300142af.js  53.6 kB
  └ other shared chunks (total)          1.86 kB


○  (Static)  prerendered as static content
